
> clustering-unit-test@1.0.0 test /home/y1j2x34/Workspaces/lab/frontend-testing
> cross-env TS_NODE_PROJECT="./config/tsconfig.json" karma start ./config/karma.conf.ts "--browsers" "HeadlessChrome" "--singleRun"

[34mâ„¹[39m [90mï½¢wdmï½£[39m: Hash: [1m9d2c943b68425fd58dd0[39m[22m
Version: webpack [1m4.46.0[39m[22m
Time: [1m17[39m[22mms
Built at: 2021-01-22 [1m12:27:34 AM[39m[22m
[34mâ„¹[39m [90mï½¢wdmï½£[39m: Compiled successfully.

START:
[33m22 01 2021 00:27:34.090:WARN [filelist]: [39mAll files matched by "/home/y1j2x34/Workspaces/lab/frontend-testing/node_modules/chai/chai.js" were excluded or matched by prior matchers.
[33m22 01 2021 00:27:34.091:WARN [filelist]: [39mAll files matched by "/home/y1j2x34/Workspaces/lab/frontend-testing/node_modules/sinon/pkg/sinon.js" were excluded or matched by prior matchers.
[33m22 01 2021 00:27:34.091:WARN [filelist]: [39mAll files matched by "/home/y1j2x34/Workspaces/lab/frontend-testing/node_modules/chai/chai.js" were excluded or matched by prior matchers.
[33m22 01 2021 00:27:34.091:WARN [filelist]: [39mAll files matched by "/home/y1j2x34/Workspaces/lab/frontend-testing/node_modules/sinon/pkg/sinon.js" were excluded or matched by prior matchers.
[34mâ„¹[39m [90mï½¢wdmï½£[39m: Compiling...
[34mâ„¹[39m [90mï½¢wdmï½£[39m: Hash: [1m7bf5c514b85fdbb7e3ee[39m[22m
Version: webpack [1m4.46.0[39m[22m
Time: [1m150[39m[22mms
Built at: 2021-01-22 [1m12:27:34 AM[39m[22m
                     [1mAsset[39m[22m      [1mSize[39m[22m                   [1mChunks[39m[22m  [1m[39m[22m           [1m[39m[22m[1mChunk Names[39m[22m
 [1m[32m../__tests__/demo.spec.js[39m[22m  19.4 KiB   [1m../__tests__/demo.spec[39m[22m  [1m[32m[emitted][39m[22m  ../__tests__/demo.spec
   [1m[32m../__tests__/prepare.js[39m[22m    60 KiB     [1m../__tests__/prepare[39m[22m  [1m[32m[emitted][39m[22m  ../__tests__/prepare
[1m[32m../__tests__/test2.spec.js[39m[22m  9.63 KiB  [1m../__tests__/test2.spec[39m[22m  [1m[32m[emitted][39m[22m  ../__tests__/test2.spec
Entrypoint [1m../__tests__/prepare[39m[22m = [1m[32m../__tests__/prepare.js[39m[22m
Entrypoint [1m../__tests__/demo.spec[39m[22m = [1m[32m../__tests__/demo.spec.js[39m[22m
Entrypoint [1m../__tests__/test2.spec[39m[22m = [1m[32m../__tests__/test2.spec.js[39m[22m
[[1m./__tests__/demo.spec.js[39m[22m] 2.54 KiB {[1m[33m../__tests__/demo.spec[39m[22m}[1m[32m [built][39m[22m
[[1m./__tests__/prepare.js[39m[22m] 72 bytes {[1m[33m../__tests__/prepare[39m[22m}[1m[32m [built][39m[22m
[[1m./__tests__/test2.spec.js[39m[22m] 154 bytes {[1m[33m../__tests__/test2.spec[39m[22m}[1m[32m [built][39m[22m
[[1m./lib/fxcore.js[39m[22m] 2.74 KiB {[1m[33m../__tests__/demo.spec[39m[22m}[1m[32m [built][39m[22m
[[1m./node_modules/chai-as-promised/lib/chai-as-promised.js[39m[22m] 14.7 KiB {[1m[33m../__tests__/prepare[39m[22m}[1m[32m [built][39m[22m
[[1m./node_modules/check-error/index.js[39m[22m] 4.85 KiB {[1m[33m../__tests__/prepare[39m[22m}[1m[32m [built][39m[22m
[chai] [1mexternal "chai"[39m[22m 42 bytes {[1m[33m../__tests__/demo.spec[39m[22m} {[1m[33m../__tests__/test2.spec[39m[22m}[1m[32m [built][39m[22m
[sinon] [1mexternal "sinon"[39m[22m 42 bytes {[1m[33m../__tests__/demo.spec[39m[22m}[1m[32m [built][39m[22m
[34mâ„¹[39m [90mï½¢wdmï½£[39m: Compiled successfully.
[32m22 01 2021 00:27:34.599:INFO [karma-server]: [39mKarma v4.4.1 server started at http://0.0.0.0:9876/
[32m22 01 2021 00:27:34.599:INFO [launcher]: [39mLaunching browsers HeadlessChrome with concurrency unlimited
[32m22 01 2021 00:27:34.602:INFO [launcher]: [39mStarting browser ChromeHeadless
[32m22 01 2021 00:27:35.040:INFO [HeadlessChrome 87.0.4280 (Linux 0.0.0)]: [39mConnected on socket BZlMm1_RIHl-C2FoAAAA with id 66786789
HeadlessChrome 87.0.4280 (Linux 0.0.0): Executed 0 of 7[32m SUCCESS[39m (0 secs / 0 secs)
[1A[2KHeadlessChrome 87.0.4280 (Linux 0.0.0): Executed 1 of 7[32m SUCCESS[39m (0 secs / 0 secs)
  Test example
    âœ” simplest test case
spec result { id: '',
  description: 'simplest test case',
  suite: [ 'Test example' ],
  success: true,
  skipped: false,
  pending: false,
  time: 0,
  log: [],
  assertionErrors: [],
  startTime: 1611246455152,
  endTime: 1611246455153 }
[1A[2KHeadlessChrome 87.0.4280 (Linux 0.0.0): Executed 2 of 7[32m SUCCESS[39m (0 secs / 0 secs)
    âœ” async test case
spec result { id: '',
  description: 'async test case',
  suite: [ 'Test example' ],
  success: true,
  skipped: false,
  pending: false,
  time: 0,
  log: [],
  assertionErrors: [],
  startTime: 1611246455153,
  endTime: 1611246455153 }
[1A[2KHeadlessChrome 87.0.4280 (Linux 0.0.0): Executed 3 of 7[32m SUCCESS[39m (0 secs / 0.001 secs)
    âœ” sinon fake
spec result { id: '',
  description: 'sinon fake',
  suite: [ 'Test example' ],
  success: true,
  skipped: false,
  pending: false,
  time: 1,
  log: [],
  assertionErrors: [],
  startTime: 1611246455154,
  endTime: 1611246455155 }
[1A[2KHeadlessChrome 87.0.4280 (Linux 0.0.0): Executed 4 of 7[32m SUCCESS[39m (0 secs / 0.002 secs)
    âœ” sinon spies
spec result { id: '',
  description: 'sinon spies',
  suite: [ 'Test example' ],
  success: true,
  skipped: false,
  pending: false,
  time: 1,
  log: [],
  assertionErrors: [],
  startTime: 1611246455155,
  endTime: 1611246455156 }
[1A[2KHeadlessChrome 87.0.4280 (Linux 0.0.0): Executed 5 of 7[32m SUCCESS[39m (0 secs / 0.003 secs)
    âœ” sinon mock
spec result { id: '',
  description: 'sinon mock',
  suite: [ 'Test example' ],
  success: true,
  skipped: false,
  pending: false,
  time: 1,
  log: [],
  assertionErrors: [],
  startTime: 1611246455156,
  endTime: 1611246455157 }
[1A[2K[31mHeadlessChrome 87.0.4280 (Linux 0.0.0) Test example failure FAILED[39m
	AssertionError: expected 1 to equal 2
	    at Context.<anonymous> (webpack:///__tests__/demo.spec.js:54:1 <- /home/y1j2x34/Workspaces/lab/frontend-testing/__tests__/demo.spec.js:172:66)
HeadlessChrome 87.0.4280 (Linux 0.0.0): Executed 6 of 7[31m (1 FAILED)[39m (0 secs / 0.003 secs)
    âœ– failure
spec result { id: '',
  description: 'failure',
  suite: [ 'Test example' ],
  success: false,
  skipped: false,
  pending: false,
  time: 0,
  log:
   [ 'AssertionError: expected 1 to equal 2\n    at Context.<anonymous> (absolute/home/y1j2x34/Workspaces/lab/frontend-testing/__tests__/demo.spec.js?62a54a35c73ad922c1e2ae50fb1810c109dba9de:172:66)' ],
  assertionErrors:
   [ { name: 'AssertionError',
       message: 'expected 1 to equal 2',
       showDiff: true,
       actual: '1',
       expected: '2' } ],
  startTime: 1611246455157,
  endTime: 1611246455158 }
[1A[2KHeadlessChrome 87.0.4280 (Linux 0.0.0): Executed 7 of 7[31m (1 FAILED)[39m (0 secs / 0.003 secs)
  test2
    âœ” test2 parallel is Working
spec result { id: '',
  description: 'test2 parallel is Working',
  suite: [ 'test2' ],
  success: true,
  skipped: false,
  pending: false,
  time: 0,
  log: [],
  assertionErrors: [],
  startTime: 1611246455158,
  endTime: 1611246455158 }
[1A[2KHeadlessChrome 87.0.4280 (Linux 0.0.0): Executed 7 of 7[31m (1 FAILED)[39m (0.013 secs / 0.003 secs)
[31mTOTAL: 1 FAILED, 6 SUCCESS[39m

Finished in 0.013 secs / 0.003 secs @ 00:27:35 GMT+0800 (GMT+08:00)

SUMMARY:
âœ” 6 tests completed
âœ– 1 test failed

FAILED TESTS:
  Test example
    âœ– failure
      HeadlessChrome 87.0.4280 (Linux 0.0.0)
    AssertionError: expected 1 to equal 2
        at Context.<anonymous> (webpack:///__tests__/demo.spec.js:54:1 <- /home/y1j2x34/Workspaces/lab/frontend-testing/__tests__/demo.spec.js:172:66)

TOTAL: 1 FAILED, 6 SUCCESS
summary on complete { success: 6,
  failed: 1,
  skipped: 0,
  error: false,
  disconnected: false,
  exitCode: 1 }
